{
  "RSpec": {
    "coverage": {
      "/Users/Audrey/ada-class/Week9/media_ranker/app/helpers/application_helper.rb": [
        1,
        null,
        null
      ],
      "/Users/Audrey/ada-class/Week9/media_ranker/app/controllers/books_controller.rb": [
        1,
        1,
        null,
        1,
        2,
        null,
        null,
        1,
        2,
        null,
        null,
        1,
        3,
        3,
        2,
        null,
        1,
        null,
        null,
        null,
        1,
        null,
        null,
        1,
        null,
        null,
        1,
        4,
        3,
        0,
        null,
        3,
        null,
        null,
        1,
        null,
        null,
        null,
        1,
        2,
        2,
        null,
        null,
        1,
        null,
        1,
        7,
        null,
        null,
        1,
        10,
        null,
        null,
        null
      ],
      "/Users/Audrey/ada-class/Week9/media_ranker/app/controllers/application_controller.rb": [
        1,
        null,
        null,
        1,
        null
      ],
      "/Users/Audrey/ada-class/Week9/media_ranker/app/models/book.rb": [
        1,
        1,
        1,
        1,
        1,
        1,
        null,
        1,
        1,
        1,
        null,
        null
      ]
    },
    "timestamp": 1389399893
  }
}
